This file contains any messages produced by compilers while
running configure, to aid debugging if configure makes a mistake.

It was created by urg configure 0.8.18, which was
generated by GNU Autoconf 2.69.  Invocation command line was

  $ ./configure 

## --------- ##
## Platform. ##
## --------- ##

hostname = tfuhrman-HP-ZBook-14
uname -m = x86_64
uname -r = 4.4.0-66-generic
uname -s = Linux
uname -v = #87-Ubuntu SMP Fri Mar 3 15:29:05 UTC 2017

/usr/bin/uname -p = unknown
/bin/uname -X     = unknown

/bin/arch              = unknown
/usr/bin/arch -k       = unknown
/usr/convex/getsysinfo = unknown
/usr/bin/hostinfo      = unknown
/bin/machine           = unknown
/usr/bin/oslevel       = unknown
/bin/universe          = unknown

PATH: /opt/ros/kinetic/bin
PATH: /usr/local/sbin
PATH: /usr/local/bin
PATH: /usr/sbin
PATH: /usr/bin
PATH: /sbin
PATH: /bin
PATH: /usr/games
PATH: /usr/local/games
PATH: /snap/bin


## ----------- ##
## Core tests. ##
## ----------- ##

configure:2492: checking for a BSD-compatible install
configure:2560: result: /usr/bin/install -c
configure:2571: checking whether build environment is sane
configure:2621: result: yes
configure:2762: checking for a thread-safe mkdir -p
configure:2801: result: /bin/mkdir -p
configure:2814: checking for gawk
configure:2830: found /usr/bin/gawk
configure:2841: result: gawk
configure:2852: checking whether make sets $(MAKE)
configure:2874: result: yes
configure:3036: checking for g++
configure:3052: found /usr/bin/g++
configure:3063: result: g++
configure:3090: checking for C++ compiler version
configure:3099: g++ --version >&5
g++ (Ubuntu 5.4.0-6ubuntu1~16.04.4) 5.4.0 20160609
Copyright (C) 2015 Free Software Foundation, Inc.
This is free software; see the source for copying conditions.  There is NO
warranty; not even for MERCHANTABILITY or FITNESS FOR A PARTICULAR PURPOSE.

configure:3110: $? = 0
configure:3099: g++ -v >&5
Using built-in specs.
COLLECT_GCC=g++
COLLECT_LTO_WRAPPER=/usr/lib/gcc/x86_64-linux-gnu/5/lto-wrapper
Target: x86_64-linux-gnu
Configured with: ../src/configure -v --with-pkgversion='Ubuntu 5.4.0-6ubuntu1~16.04.4' --with-bugurl=file:///usr/share/doc/gcc-5/README.Bugs --enable-languages=c,ada,c++,java,go,d,fortran,objc,obj-c++ --prefix=/usr --program-suffix=-5 --enable-shared --enable-linker-build-id --libexecdir=/usr/lib --without-included-gettext --enable-threads=posix --libdir=/usr/lib --enable-nls --with-sysroot=/ --enable-clocale=gnu --enable-libstdcxx-debug --enable-libstdcxx-time=yes --with-default-libstdcxx-abi=new --enable-gnu-unique-object --disable-vtable-verify --enable-libmpx --enable-plugin --with-system-zlib --disable-browser-plugin --enable-java-awt=gtk --enable-gtk-cairo --with-java-home=/usr/lib/jvm/java-1.5.0-gcj-5-amd64/jre --enable-java-home --with-jvm-root-dir=/usr/lib/jvm/java-1.5.0-gcj-5-amd64 --with-jvm-jar-dir=/usr/lib/jvm-exports/java-1.5.0-gcj-5-amd64 --with-arch-directory=amd64 --with-ecj-jar=/usr/share/java/eclipse-ecj.jar --enable-objc-gc --enable-multiarch --disable-werror --with-arch-32=i686 --with-abi=m64 --with-multilib-list=m32,m64,mx32 --enable-multilib --with-tune=generic --enable-checking=release --build=x86_64-linux-gnu --host=x86_64-linux-gnu --target=x86_64-linux-gnu
Thread model: posix
gcc version 5.4.0 20160609 (Ubuntu 5.4.0-6ubuntu1~16.04.4) 
configure:3110: $? = 0
configure:3099: g++ -V >&5
g++: error: unrecognized command line option '-V'
g++: fatal error: no input files
compilation terminated.
configure:3110: $? = 1
configure:3099: g++ -qversion >&5
g++: error: unrecognized command line option '-qversion'
g++: fatal error: no input files
compilation terminated.
configure:3110: $? = 1
configure:3130: checking whether the C++ compiler works
configure:3152: g++    conftest.cpp  >&5
configure:3156: $? = 0
configure:3204: result: yes
configure:3207: checking for C++ compiler default output file name
configure:3209: result: a.out
configure:3215: checking for suffix of executables
configure:3222: g++ -o conftest    conftest.cpp  >&5
configure:3226: $? = 0
configure:3248: result: 
configure:3270: checking whether we are cross compiling
configure:3278: g++ -o conftest    conftest.cpp  >&5
configure:3282: $? = 0
configure:3289: ./conftest
configure:3293: $? = 0
configure:3308: result: no
configure:3313: checking for suffix of object files
configure:3335: g++ -c   conftest.cpp >&5
configure:3339: $? = 0
configure:3360: result: o
configure:3364: checking whether we are using the GNU C++ compiler
configure:3383: g++ -c   conftest.cpp >&5
configure:3383: $? = 0
configure:3392: result: yes
configure:3401: checking whether g++ accepts -g
configure:3421: g++ -c -g  conftest.cpp >&5
configure:3421: $? = 0
configure:3462: result: yes
configure:3496: checking for style of include used by make
configure:3524: result: GNU
configure:3550: checking dependency style of g++
configure:3661: result: gcc3
configure:3724: checking for gcc
configure:3740: found /usr/bin/gcc
configure:3751: result: gcc
configure:3980: checking for C compiler version
configure:3989: gcc --version >&5
gcc (Ubuntu 5.4.0-6ubuntu1~16.04.4) 5.4.0 20160609
Copyright (C) 2015 Free Software Foundation, Inc.
This is free software; see the source for copying conditions.  There is NO
warranty; not even for MERCHANTABILITY or FITNESS FOR A PARTICULAR PURPOSE.

configure:4000: $? = 0
configure:3989: gcc -v >&5
Using built-in specs.
COLLECT_GCC=gcc
COLLECT_LTO_WRAPPER=/usr/lib/gcc/x86_64-linux-gnu/5/lto-wrapper
Target: x86_64-linux-gnu
Configured with: ../src/configure -v --with-pkgversion='Ubuntu 5.4.0-6ubuntu1~16.04.4' --with-bugurl=file:///usr/share/doc/gcc-5/README.Bugs --enable-languages=c,ada,c++,java,go,d,fortran,objc,obj-c++ --prefix=/usr --program-suffix=-5 --enable-shared --enable-linker-build-id --libexecdir=/usr/lib --without-included-gettext --enable-threads=posix --libdir=/usr/lib --enable-nls --with-sysroot=/ --enable-clocale=gnu --enable-libstdcxx-debug --enable-libstdcxx-time=yes --with-default-libstdcxx-abi=new --enable-gnu-unique-object --disable-vtable-verify --enable-libmpx --enable-plugin --with-system-zlib --disable-browser-plugin --enable-java-awt=gtk --enable-gtk-cairo --with-java-home=/usr/lib/jvm/java-1.5.0-gcj-5-amd64/jre --enable-java-home --with-jvm-root-dir=/usr/lib/jvm/java-1.5.0-gcj-5-amd64 --with-jvm-jar-dir=/usr/lib/jvm-exports/java-1.5.0-gcj-5-amd64 --with-arch-directory=amd64 --with-ecj-jar=/usr/share/java/eclipse-ecj.jar --enable-objc-gc --enable-multiarch --disable-werror --with-arch-32=i686 --with-abi=m64 --with-multilib-list=m32,m64,mx32 --enable-multilib --with-tune=generic --enable-checking=release --build=x86_64-linux-gnu --host=x86_64-linux-gnu --target=x86_64-linux-gnu
Thread model: posix
gcc version 5.4.0 20160609 (Ubuntu 5.4.0-6ubuntu1~16.04.4) 
configure:4000: $? = 0
configure:3989: gcc -V >&5
gcc: error: unrecognized command line option '-V'
gcc: fatal error: no input files
compilation terminated.
configure:4000: $? = 1
configure:3989: gcc -qversion >&5
gcc: error: unrecognized command line option '-qversion'
gcc: fatal error: no input files
compilation terminated.
configure:4000: $? = 1
configure:4004: checking whether we are using the GNU C compiler
configure:4023: gcc -c   conftest.c >&5
configure:4023: $? = 0
configure:4032: result: yes
configure:4041: checking whether gcc accepts -g
configure:4061: gcc -c -g  conftest.c >&5
configure:4061: $? = 0
configure:4102: result: yes
configure:4119: checking for gcc option to accept ISO C89
configure:4182: gcc  -c -g -O2  conftest.c >&5
configure:4182: $? = 0
configure:4195: result: none needed
configure:4217: checking dependency style of gcc
configure:4328: result: gcc3
configure:4372: checking build system type
configure:4386: result: x86_64-unknown-linux-gnu
configure:4406: checking host system type
configure:4419: result: x86_64-unknown-linux-gnu
configure:4460: checking how to print strings
configure:4487: result: printf
configure:4508: checking for a sed that does not truncate output
configure:4572: result: /bin/sed
configure:4590: checking for grep that handles long lines and -e
configure:4648: result: /bin/grep
configure:4653: checking for egrep
configure:4715: result: /bin/grep -E
configure:4720: checking for fgrep
configure:4782: result: /bin/grep -F
configure:4817: checking for ld used by gcc
configure:4884: result: /usr/bin/ld
configure:4891: checking if the linker (/usr/bin/ld) is GNU ld
configure:4906: result: yes
configure:4918: checking for BSD- or MS-compatible name lister (nm)
configure:4967: result: /usr/bin/nm -B
configure:5097: checking the name lister (/usr/bin/nm -B) interface
configure:5104: gcc -c -g -O2  conftest.c >&5
configure:5107: /usr/bin/nm -B "conftest.o"
configure:5110: output
0000000000000000 B some_variable
configure:5117: result: BSD nm
configure:5120: checking whether ln -s works
configure:5124: result: yes
configure:5132: checking the maximum length of command line arguments
configure:5262: result: 1572864
configure:5279: checking whether the shell understands some XSI constructs
configure:5289: result: yes
configure:5293: checking whether the shell understands "+="
configure:5299: result: yes
configure:5334: checking how to convert x86_64-unknown-linux-gnu file names to x86_64-unknown-linux-gnu format
configure:5374: result: func_convert_file_noop
configure:5381: checking how to convert x86_64-unknown-linux-gnu file names to toolchain format
configure:5401: result: func_convert_file_noop
configure:5408: checking for /usr/bin/ld option to reload object files
configure:5415: result: -r
configure:5489: checking for objdump
configure:5505: found /usr/bin/objdump
configure:5516: result: objdump
configure:5548: checking how to recognize dependent libraries
configure:5750: result: pass_all
configure:5835: checking for dlltool
configure:5865: result: no
configure:5895: checking how to associate runtime and link libraries
configure:5922: result: printf %s\n
configure:5983: checking for ar
configure:5999: found /usr/bin/ar
configure:6010: result: ar
configure:6047: checking for archiver @FILE support
configure:6064: gcc -c -g -O2  conftest.c >&5
configure:6064: $? = 0
configure:6067: ar cru libconftest.a @conftest.lst >&5
ar: `u' modifier ignored since `D' is the default (see `U')
configure:6070: $? = 0
configure:6075: ar cru libconftest.a @conftest.lst >&5
ar: `u' modifier ignored since `D' is the default (see `U')
ar: conftest.o: No such file or directory
configure:6078: $? = 1
configure:6090: result: @
configure:6148: checking for strip
configure:6164: found /usr/bin/strip
configure:6175: result: strip
configure:6247: checking for ranlib
configure:6263: found /usr/bin/ranlib
configure:6274: result: ranlib
configure:6376: checking command to parse /usr/bin/nm -B output from gcc object
configure:6496: gcc -c -g -O2  conftest.c >&5
configure:6499: $? = 0
configure:6503: /usr/bin/nm -B conftest.o \| sed -n -e 's/^.*[ ]\([ABCDGIRSTW][ABCDGIRSTW]*\)[ ][ ]*\([_A-Za-z][_A-Za-z0-9]*\)$/\1 \2 \2/p' | sed '/ __gnu_lto/d' \> conftest.nm
configure:6506: $? = 0
configure:6572: gcc -o conftest -g -O2   conftest.c conftstm.o >&5
configure:6575: $? = 0
configure:6613: result: ok
configure:6650: checking for sysroot
configure:6680: result: no
configure:6757: gcc -c -g -O2  conftest.c >&5
configure:6760: $? = 0
configure:6936: checking for mt
configure:6952: found /bin/mt
configure:6963: result: mt
configure:6986: checking if mt is a manifest tool
configure:6992: mt '-?'
configure:7000: result: no
configure:7642: checking how to run the C preprocessor
configure:7673: gcc -E  conftest.c
configure:7673: $? = 0
configure:7687: gcc -E  conftest.c
conftest.c:14:28: fatal error: ac_nonexistent.h: No such file or directory
compilation terminated.
configure:7687: $? = 1
configure: failed program was:
| /* confdefs.h */
| #define PACKAGE_NAME "urg"
| #define PACKAGE_TARNAME "urg"
| #define PACKAGE_VERSION "0.8.18"
| #define PACKAGE_STRING "urg 0.8.18"
| #define PACKAGE_BUGREPORT "satofumi@users.sourceforge.jp"
| #define PACKAGE_URL ""
| #define PACKAGE "urg"
| #define VERSION "0.8.18"
| #define MAJOR_VERSION "0"
| #define MINOR_VERSION "8"
| #define MICRO_VERSION "18"
| /* end confdefs.h.  */
| #include <ac_nonexistent.h>
configure:7712: result: gcc -E
configure:7732: gcc -E  conftest.c
configure:7732: $? = 0
configure:7746: gcc -E  conftest.c
conftest.c:14:28: fatal error: ac_nonexistent.h: No such file or directory
compilation terminated.
configure:7746: $? = 1
configure: failed program was:
| /* confdefs.h */
| #define PACKAGE_NAME "urg"
| #define PACKAGE_TARNAME "urg"
| #define PACKAGE_VERSION "0.8.18"
| #define PACKAGE_STRING "urg 0.8.18"
| #define PACKAGE_BUGREPORT "satofumi@users.sourceforge.jp"
| #define PACKAGE_URL ""
| #define PACKAGE "urg"
| #define VERSION "0.8.18"
| #define MAJOR_VERSION "0"
| #define MINOR_VERSION "8"
| #define MICRO_VERSION "18"
| /* end confdefs.h.  */
| #include <ac_nonexistent.h>
configure:7775: checking for ANSI C header files
configure:7795: gcc -c -g -O2  conftest.c >&5
configure:7795: $? = 0
configure:7868: gcc -o conftest -g -O2   conftest.c  >&5
configure:7868: $? = 0
configure:7868: ./conftest
configure:7868: $? = 0
configure:7879: result: yes
configure:7892: checking for sys/types.h
configure:7892: gcc -c -g -O2  conftest.c >&5
configure:7892: $? = 0
configure:7892: result: yes
configure:7892: checking for sys/stat.h
configure:7892: gcc -c -g -O2  conftest.c >&5
configure:7892: $? = 0
configure:7892: result: yes
configure:7892: checking for stdlib.h
configure:7892: gcc -c -g -O2  conftest.c >&5
configure:7892: $? = 0
configure:7892: result: yes
configure:7892: checking for string.h
configure:7892: gcc -c -g -O2  conftest.c >&5
configure:7892: $? = 0
configure:7892: result: yes
configure:7892: checking for memory.h
configure:7892: gcc -c -g -O2  conftest.c >&5
configure:7892: $? = 0
configure:7892: result: yes
configure:7892: checking for strings.h
configure:7892: gcc -c -g -O2  conftest.c >&5
configure:7892: $? = 0
configure:7892: result: yes
configure:7892: checking for inttypes.h
configure:7892: gcc -c -g -O2  conftest.c >&5
configure:7892: $? = 0
configure:7892: result: yes
configure:7892: checking for stdint.h
configure:7892: gcc -c -g -O2  conftest.c >&5
configure:7892: $? = 0
configure:7892: result: yes
configure:7892: checking for unistd.h
configure:7892: gcc -c -g -O2  conftest.c >&5
configure:7892: $? = 0
configure:7892: result: yes
configure:7906: checking for dlfcn.h
configure:7906: gcc -c -g -O2  conftest.c >&5
configure:7906: $? = 0
configure:7906: result: yes
configure:8123: checking for objdir
configure:8138: result: .libs
configure:8405: checking if gcc supports -fno-rtti -fno-exceptions
configure:8423: gcc -c -g -O2  -fno-rtti -fno-exceptions conftest.c >&5
cc1: warning: command line option '-fno-rtti' is valid for C++/ObjC++ but not for C
configure:8427: $? = 0
configure:8440: result: no
configure:8767: checking for gcc option to produce PIC
configure:8774: result: -fPIC -DPIC
configure:8782: checking if gcc PIC flag -fPIC -DPIC works
configure:8800: gcc -c -g -O2  -fPIC -DPIC -DPIC conftest.c >&5
configure:8804: $? = 0
configure:8817: result: yes
configure:8846: checking if gcc static flag -static works
configure:8874: result: yes
configure:8889: checking if gcc supports -c -o file.o
configure:8910: gcc -c -g -O2  -o out/conftest2.o conftest.c >&5
configure:8914: $? = 0
configure:8936: result: yes
configure:8944: checking if gcc supports -c -o file.o
configure:8991: result: yes
configure:9024: checking whether the gcc linker (/usr/bin/ld -m elf_x86_64) supports shared libraries
configure:10177: result: yes
configure:10214: checking whether -lc should be explicitly linked in
configure:10222: gcc -c -g -O2  conftest.c >&5
configure:10225: $? = 0
configure:10240: gcc -shared  -fPIC -DPIC conftest.o  -v -Wl,-soname -Wl,conftest -o conftest 2\>\&1 \| /bin/grep  -lc  \>/dev/null 2\>\&1
configure:10243: $? = 0
configure:10257: result: no
configure:10417: checking dynamic linker characteristics
configure:10928: gcc -o conftest -g -O2   -Wl,-rpath -Wl,/foo conftest.c  >&5
configure:10928: $? = 0
configure:11150: result: GNU/Linux ld.so
configure:11257: checking how to hardcode library paths into programs
configure:11282: result: immediate
configure:11822: checking whether stripping libraries is possible
configure:11827: result: yes
configure:11862: checking if libtool supports shared libraries
configure:11864: result: yes
configure:11867: checking whether to build shared libraries
configure:11888: result: yes
configure:11891: checking whether to build static libraries
configure:11895: result: yes
configure:11918: checking how to run the C++ preprocessor
configure:11945: g++ -E  conftest.cpp
configure:11945: $? = 0
configure:11959: g++ -E  conftest.cpp
conftest.cpp:26:28: fatal error: ac_nonexistent.h: No such file or directory
compilation terminated.
configure:11959: $? = 1
configure: failed program was:
| /* confdefs.h */
| #define PACKAGE_NAME "urg"
| #define PACKAGE_TARNAME "urg"
| #define PACKAGE_VERSION "0.8.18"
| #define PACKAGE_STRING "urg 0.8.18"
| #define PACKAGE_BUGREPORT "satofumi@users.sourceforge.jp"
| #define PACKAGE_URL ""
| #define PACKAGE "urg"
| #define VERSION "0.8.18"
| #define MAJOR_VERSION "0"
| #define MINOR_VERSION "8"
| #define MICRO_VERSION "18"
| #define STDC_HEADERS 1
| #define HAVE_SYS_TYPES_H 1
| #define HAVE_SYS_STAT_H 1
| #define HAVE_STDLIB_H 1
| #define HAVE_STRING_H 1
| #define HAVE_MEMORY_H 1
| #define HAVE_STRINGS_H 1
| #define HAVE_INTTYPES_H 1
| #define HAVE_STDINT_H 1
| #define HAVE_UNISTD_H 1
| #define HAVE_DLFCN_H 1
| #define LT_OBJDIR ".libs/"
| /* end confdefs.h.  */
| #include <ac_nonexistent.h>
configure:11984: result: g++ -E
configure:12004: g++ -E  conftest.cpp
configure:12004: $? = 0
configure:12018: g++ -E  conftest.cpp
conftest.cpp:26:28: fatal error: ac_nonexistent.h: No such file or directory
compilation terminated.
configure:12018: $? = 1
configure: failed program was:
| /* confdefs.h */
| #define PACKAGE_NAME "urg"
| #define PACKAGE_TARNAME "urg"
| #define PACKAGE_VERSION "0.8.18"
| #define PACKAGE_STRING "urg 0.8.18"
| #define PACKAGE_BUGREPORT "satofumi@users.sourceforge.jp"
| #define PACKAGE_URL ""
| #define PACKAGE "urg"
| #define VERSION "0.8.18"
| #define MAJOR_VERSION "0"
| #define MINOR_VERSION "8"
| #define MICRO_VERSION "18"
| #define STDC_HEADERS 1
| #define HAVE_SYS_TYPES_H 1
| #define HAVE_SYS_STAT_H 1
| #define HAVE_STDLIB_H 1
| #define HAVE_STRING_H 1
| #define HAVE_MEMORY_H 1
| #define HAVE_STRINGS_H 1
| #define HAVE_INTTYPES_H 1
| #define HAVE_STDINT_H 1
| #define HAVE_UNISTD_H 1
| #define HAVE_DLFCN_H 1
| #define LT_OBJDIR ".libs/"
| /* end confdefs.h.  */
| #include <ac_nonexistent.h>
configure:12187: checking for ld used by g++
configure:12254: result: /usr/bin/ld -m elf_x86_64
configure:12261: checking if the linker (/usr/bin/ld -m elf_x86_64) is GNU ld
configure:12276: result: yes
configure:12331: checking whether the g++ linker (/usr/bin/ld -m elf_x86_64) supports shared libraries
configure:13336: result: yes
configure:13372: g++ -c -g -O2  conftest.cpp >&5
configure:13375: $? = 0
configure:13895: checking for g++ option to produce PIC
configure:13902: result: -fPIC -DPIC
configure:13910: checking if g++ PIC flag -fPIC -DPIC works
configure:13928: g++ -c -g -O2  -fPIC -DPIC -DPIC conftest.cpp >&5
configure:13932: $? = 0
configure:13945: result: yes
configure:13968: checking if g++ static flag -static works
configure:13996: result: yes
configure:14008: checking if g++ supports -c -o file.o
configure:14029: g++ -c -g -O2  -o out/conftest2.o conftest.cpp >&5
configure:14033: $? = 0
configure:14055: result: yes
configure:14060: checking if g++ supports -c -o file.o
configure:14107: result: yes
configure:14137: checking whether the g++ linker (/usr/bin/ld -m elf_x86_64) supports shared libraries
configure:14173: result: yes
configure:14314: checking dynamic linker characteristics
configure:14981: result: GNU/Linux ld.so
configure:15034: checking how to hardcode library paths into programs
configure:15059: result: immediate
configure:15125: checking how to run the C preprocessor
configure:15195: result: gcc -E
configure:15215: gcc -E  conftest.c
configure:15215: $? = 0
configure:15229: gcc -E  conftest.c
conftest.c:26:28: fatal error: ac_nonexistent.h: No such file or directory
compilation terminated.
configure:15229: $? = 1
configure: failed program was:
| /* confdefs.h */
| #define PACKAGE_NAME "urg"
| #define PACKAGE_TARNAME "urg"
| #define PACKAGE_VERSION "0.8.18"
| #define PACKAGE_STRING "urg 0.8.18"
| #define PACKAGE_BUGREPORT "satofumi@users.sourceforge.jp"
| #define PACKAGE_URL ""
| #define PACKAGE "urg"
| #define VERSION "0.8.18"
| #define MAJOR_VERSION "0"
| #define MINOR_VERSION "8"
| #define MICRO_VERSION "18"
| #define STDC_HEADERS 1
| #define HAVE_SYS_TYPES_H 1
| #define HAVE_SYS_STAT_H 1
| #define HAVE_STDLIB_H 1
| #define HAVE_STRING_H 1
| #define HAVE_MEMORY_H 1
| #define HAVE_STRINGS_H 1
| #define HAVE_INTTYPES_H 1
| #define HAVE_STDINT_H 1
| #define HAVE_UNISTD_H 1
| #define HAVE_DLFCN_H 1
| #define LT_OBJDIR ".libs/"
| /* end confdefs.h.  */
| #include <ac_nonexistent.h>
configure:15258: checking whether ln -s works
configure:15262: result: yes
configure:15269: checking whether make sets $(MAKE)
configure:15291: result: yes
configure:15343: checking for ranlib
configure:15370: result: ranlib
configure:15438: checking for sdl-config
configure:15456: found /usr/bin/sdl-config
configure:15469: result: /usr/bin/sdl-config
configure:15478: checking for SDL - version >= 1.2.4
configure:15565: gcc -o conftest -g -O2 -I/usr/include/SDL -D_GNU_SOURCE=1 -D_REENTRANT   conftest.c  -L/usr/lib/x86_64-linux-gnu -lSDL >&5
configure:15565: $? = 0
configure:15565: ./conftest
configure:15565: $? = 0
configure:15580: result: yes
configure:15655: checking for SDLNet_Init in -lSDL_net
configure:15680: gcc -o conftest -g -O2   conftest.c -lSDL_net   -L/usr/lib/x86_64-linux-gnu -lSDL >&5
/usr/bin/ld: cannot find -lSDL_net
collect2: error: ld returned 1 exit status
configure:15680: $? = 1
configure: failed program was:
| /* confdefs.h */
| #define PACKAGE_NAME "urg"
| #define PACKAGE_TARNAME "urg"
| #define PACKAGE_VERSION "0.8.18"
| #define PACKAGE_STRING "urg 0.8.18"
| #define PACKAGE_BUGREPORT "satofumi@users.sourceforge.jp"
| #define PACKAGE_URL ""
| #define PACKAGE "urg"
| #define VERSION "0.8.18"
| #define MAJOR_VERSION "0"
| #define MINOR_VERSION "8"
| #define MICRO_VERSION "18"
| #define STDC_HEADERS 1
| #define HAVE_SYS_TYPES_H 1
| #define HAVE_SYS_STAT_H 1
| #define HAVE_STDLIB_H 1
| #define HAVE_STRING_H 1
| #define HAVE_MEMORY_H 1
| #define HAVE_STRINGS_H 1
| #define HAVE_INTTYPES_H 1
| #define HAVE_STDINT_H 1
| #define HAVE_UNISTD_H 1
| #define HAVE_DLFCN_H 1
| #define LT_OBJDIR ".libs/"
| #define HAVE_LIBSDL 1
| /* end confdefs.h.  */
| 
| /* Override any GCC internal prototype to avoid an error.
|    Use char because int might match the return type of a GCC
|    builtin and then its argument prototype would still apply.  */
| #ifdef __cplusplus
| extern "C"
| #endif
| char SDLNet_Init ();
| int
| main ()
| {
| return SDLNet_Init ();
|   ;
|   return 0;
| }
configure:15689: result: no
configure:15695: WARNING: *** SDL_net not found! ***
configure:15703: checking for cos in -lm
configure:15728: gcc -o conftest -g -O2   conftest.c -lm   -L/usr/lib/x86_64-linux-gnu -lSDL >&5
conftest.c:34:6: warning: conflicting types for built-in function 'cos'
 char cos ();
      ^
configure:15728: $? = 0
configure:15737: result: yes
configure:15762: checking for dirent.h that defines DIR
configure:15781: gcc -c -g -O2  conftest.c >&5
configure:15781: $? = 0
configure:15789: result: yes
configure:15802: checking for library containing opendir
configure:15833: gcc -o conftest -g -O2   conftest.c  -L/usr/lib/x86_64-linux-gnu -lSDL -lm >&5
configure:15833: $? = 0
configure:15850: result: none required
configure:15917: checking for ANSI C header files
configure:16021: result: yes
configure:16032: checking fcntl.h usability
configure:16032: gcc -c -g -O2  conftest.c >&5
configure:16032: $? = 0
configure:16032: result: yes
configure:16032: checking fcntl.h presence
configure:16032: gcc -E  conftest.c
configure:16032: $? = 0
configure:16032: result: yes
configure:16032: checking for fcntl.h
configure:16032: result: yes
configure:16032: checking stddef.h usability
configure:16032: gcc -c -g -O2  conftest.c >&5
configure:16032: $? = 0
configure:16032: result: yes
configure:16032: checking stddef.h presence
configure:16032: gcc -E  conftest.c
configure:16032: $? = 0
configure:16032: result: yes
configure:16032: checking for stddef.h
configure:16032: result: yes
configure:16032: checking for stdlib.h
configure:16032: result: yes
configure:16032: checking for string.h
configure:16032: result: yes
configure:16032: checking sys/time.h usability
configure:16032: gcc -c -g -O2  conftest.c >&5
configure:16032: $? = 0
configure:16032: result: yes
configure:16032: checking sys/time.h presence
configure:16032: gcc -E  conftest.c
configure:16032: $? = 0
configure:16032: result: yes
configure:16032: checking for sys/time.h
configure:16032: result: yes
configure:16032: checking termios.h usability
configure:16032: gcc -c -g -O2  conftest.c >&5
configure:16032: $? = 0
configure:16032: result: yes
configure:16032: checking termios.h presence
configure:16032: gcc -E  conftest.c
configure:16032: $? = 0
configure:16032: result: yes
configure:16032: checking for termios.h
configure:16032: result: yes
configure:16032: checking for unistd.h
configure:16032: result: yes
configure:16048: checking for stdbool.h that conforms to C99
configure:16115: gcc -c -g -O2  conftest.c >&5
configure:16115: $? = 0
configure:16122: result: yes
configure:16124: checking for _Bool
configure:16124: gcc -c -g -O2  conftest.c >&5
configure:16124: $? = 0
configure:16124: gcc -c -g -O2  conftest.c >&5
conftest.c: In function 'main':
conftest.c:72:20: error: expected expression before ')' token
 if (sizeof ((_Bool)))
                    ^
configure:16124: $? = 1
configure: failed program was:
| /* confdefs.h */
| #define PACKAGE_NAME "urg"
| #define PACKAGE_TARNAME "urg"
| #define PACKAGE_VERSION "0.8.18"
| #define PACKAGE_STRING "urg 0.8.18"
| #define PACKAGE_BUGREPORT "satofumi@users.sourceforge.jp"
| #define PACKAGE_URL ""
| #define PACKAGE "urg"
| #define VERSION "0.8.18"
| #define MAJOR_VERSION "0"
| #define MINOR_VERSION "8"
| #define MICRO_VERSION "18"
| #define STDC_HEADERS 1
| #define HAVE_SYS_TYPES_H 1
| #define HAVE_SYS_STAT_H 1
| #define HAVE_STDLIB_H 1
| #define HAVE_STRING_H 1
| #define HAVE_MEMORY_H 1
| #define HAVE_STRINGS_H 1
| #define HAVE_INTTYPES_H 1
| #define HAVE_STDINT_H 1
| #define HAVE_UNISTD_H 1
| #define HAVE_DLFCN_H 1
| #define LT_OBJDIR ".libs/"
| #define HAVE_LIBSDL 1
| #define HAVE_DIRENT_H 1
| #define STDC_HEADERS 1
| #define HAVE_FCNTL_H 1
| #define HAVE_STDDEF_H 1
| #define HAVE_STDLIB_H 1
| #define HAVE_STRING_H 1
| #define HAVE_SYS_TIME_H 1
| #define HAVE_TERMIOS_H 1
| #define HAVE_UNISTD_H 1
| /* end confdefs.h.  */
| #include <stdio.h>
| #ifdef HAVE_SYS_TYPES_H
| # include <sys/types.h>
| #endif
| #ifdef HAVE_SYS_STAT_H
| # include <sys/stat.h>
| #endif
| #ifdef STDC_HEADERS
| # include <stdlib.h>
| # include <stddef.h>
| #else
| # ifdef HAVE_STDLIB_H
| #  include <stdlib.h>
| # endif
| #endif
| #ifdef HAVE_STRING_H
| # if !defined STDC_HEADERS && defined HAVE_MEMORY_H
| #  include <memory.h>
| # endif
| # include <string.h>
| #endif
| #ifdef HAVE_STRINGS_H
| # include <strings.h>
| #endif
| #ifdef HAVE_INTTYPES_H
| # include <inttypes.h>
| #endif
| #ifdef HAVE_STDINT_H
| # include <stdint.h>
| #endif
| #ifdef HAVE_UNISTD_H
| # include <unistd.h>
| #endif
| int
| main ()
| {
| if (sizeof ((_Bool)))
| 	    return 0;
|   ;
|   return 0;
| }
configure:16124: result: yes
configure:16141: checking for an ANSI C-conforming const
configure:16207: gcc -c -g -O2  conftest.c >&5
configure:16207: $? = 0
configure:16214: result: yes
configure:16222: checking for size_t
configure:16222: gcc -c -g -O2  conftest.c >&5
configure:16222: $? = 0
configure:16222: gcc -c -g -O2  conftest.c >&5
conftest.c: In function 'main':
conftest.c:74:21: error: expected expression before ')' token
 if (sizeof ((size_t)))
                     ^
configure:16222: $? = 1
configure: failed program was:
| /* confdefs.h */
| #define PACKAGE_NAME "urg"
| #define PACKAGE_TARNAME "urg"
| #define PACKAGE_VERSION "0.8.18"
| #define PACKAGE_STRING "urg 0.8.18"
| #define PACKAGE_BUGREPORT "satofumi@users.sourceforge.jp"
| #define PACKAGE_URL ""
| #define PACKAGE "urg"
| #define VERSION "0.8.18"
| #define MAJOR_VERSION "0"
| #define MINOR_VERSION "8"
| #define MICRO_VERSION "18"
| #define STDC_HEADERS 1
| #define HAVE_SYS_TYPES_H 1
| #define HAVE_SYS_STAT_H 1
| #define HAVE_STDLIB_H 1
| #define HAVE_STRING_H 1
| #define HAVE_MEMORY_H 1
| #define HAVE_STRINGS_H 1
| #define HAVE_INTTYPES_H 1
| #define HAVE_STDINT_H 1
| #define HAVE_UNISTD_H 1
| #define HAVE_DLFCN_H 1
| #define LT_OBJDIR ".libs/"
| #define HAVE_LIBSDL 1
| #define HAVE_DIRENT_H 1
| #define STDC_HEADERS 1
| #define HAVE_FCNTL_H 1
| #define HAVE_STDDEF_H 1
| #define HAVE_STDLIB_H 1
| #define HAVE_STRING_H 1
| #define HAVE_SYS_TIME_H 1
| #define HAVE_TERMIOS_H 1
| #define HAVE_UNISTD_H 1
| #define HAVE__BOOL 1
| #define HAVE_STDBOOL_H 1
| /* end confdefs.h.  */
| #include <stdio.h>
| #ifdef HAVE_SYS_TYPES_H
| # include <sys/types.h>
| #endif
| #ifdef HAVE_SYS_STAT_H
| # include <sys/stat.h>
| #endif
| #ifdef STDC_HEADERS
| # include <stdlib.h>
| # include <stddef.h>
| #else
| # ifdef HAVE_STDLIB_H
| #  include <stdlib.h>
| # endif
| #endif
| #ifdef HAVE_STRING_H
| # if !defined STDC_HEADERS && defined HAVE_MEMORY_H
| #  include <memory.h>
| # endif
| # include <string.h>
| #endif
| #ifdef HAVE_STRINGS_H
| # include <strings.h>
| #endif
| #ifdef HAVE_INTTYPES_H
| # include <inttypes.h>
| #endif
| #ifdef HAVE_STDINT_H
| # include <stdint.h>
| #endif
| #ifdef HAVE_UNISTD_H
| # include <unistd.h>
| #endif
| int
| main ()
| {
| if (sizeof ((size_t)))
| 	    return 0;
|   ;
|   return 0;
| }
configure:16222: result: yes
configure:16233: checking whether time.h and sys/time.h may both be included
configure:16253: gcc -c -g -O2  conftest.c >&5
configure:16253: $? = 0
configure:16260: result: yes
configure:16270: checking whether closedir returns void
configure:16294: gcc -o conftest -g -O2   conftest.c  -L/usr/lib/x86_64-linux-gnu -lSDL -lm >&5
configure:16294: $? = 0
configure:16294: ./conftest
configure:16294: $? = 0
configure:16304: result: no
configure:16314: checking for stdlib.h
configure:16314: result: yes
configure:16324: checking for GNU libc compatible malloc
configure:16348: gcc -o conftest -g -O2   conftest.c  -L/usr/lib/x86_64-linux-gnu -lSDL -lm >&5
configure:16348: $? = 0
configure:16348: ./conftest
configure:16348: $? = 0
configure:16358: result: yes
configure:16382: checking sys/select.h usability
configure:16382: gcc -c -g -O2  conftest.c >&5
configure:16382: $? = 0
configure:16382: result: yes
configure:16382: checking sys/select.h presence
configure:16382: gcc -E  conftest.c
configure:16382: $? = 0
configure:16382: result: yes
configure:16382: checking for sys/select.h
configure:16382: result: yes
configure:16382: checking sys/socket.h usability
configure:16382: gcc -c -g -O2  conftest.c >&5
configure:16382: $? = 0
configure:16382: result: yes
configure:16382: checking sys/socket.h presence
configure:16382: gcc -E  conftest.c
configure:16382: $? = 0
configure:16382: result: yes
configure:16382: checking for sys/socket.h
configure:16382: result: yes
configure:16392: checking types of arguments for select
configure:16420: gcc -c -g -O2  conftest.c >&5
configure:16420: $? = 0
configure:16431: result: int,fd_set *,struct timeval *
configure:16454: checking whether strerror_r is declared
configure:16454: gcc -c -g -O2  conftest.c >&5
configure:16454: $? = 0
configure:16454: result: yes
configure:16467: checking for strerror_r
configure:16467: gcc -o conftest -g -O2   conftest.c  -L/usr/lib/x86_64-linux-gnu -lSDL -lm >&5
configure:16467: $? = 0
configure:16467: result: yes
configure:16476: checking whether strerror_r returns char *
configure:16500: gcc -c -g -O2  conftest.c >&5
conftest.c: In function 'main':
conftest.c:86:13: error: invalid type argument of unary '*' (have 'int')
    char x = *strerror_r (0, buf, sizeof buf);
             ^
conftest.c:87:14: warning: initialization makes pointer from integer without a cast [-Wint-conversion]
    char *p = strerror_r (0, buf, sizeof buf);
              ^
configure:16500: $? = 1
configure: failed program was:
| /* confdefs.h */
| #define PACKAGE_NAME "urg"
| #define PACKAGE_TARNAME "urg"
| #define PACKAGE_VERSION "0.8.18"
| #define PACKAGE_STRING "urg 0.8.18"
| #define PACKAGE_BUGREPORT "satofumi@users.sourceforge.jp"
| #define PACKAGE_URL ""
| #define PACKAGE "urg"
| #define VERSION "0.8.18"
| #define MAJOR_VERSION "0"
| #define MINOR_VERSION "8"
| #define MICRO_VERSION "18"
| #define STDC_HEADERS 1
| #define HAVE_SYS_TYPES_H 1
| #define HAVE_SYS_STAT_H 1
| #define HAVE_STDLIB_H 1
| #define HAVE_STRING_H 1
| #define HAVE_MEMORY_H 1
| #define HAVE_STRINGS_H 1
| #define HAVE_INTTYPES_H 1
| #define HAVE_STDINT_H 1
| #define HAVE_UNISTD_H 1
| #define HAVE_DLFCN_H 1
| #define LT_OBJDIR ".libs/"
| #define HAVE_LIBSDL 1
| #define HAVE_DIRENT_H 1
| #define STDC_HEADERS 1
| #define HAVE_FCNTL_H 1
| #define HAVE_STDDEF_H 1
| #define HAVE_STDLIB_H 1
| #define HAVE_STRING_H 1
| #define HAVE_SYS_TIME_H 1
| #define HAVE_TERMIOS_H 1
| #define HAVE_UNISTD_H 1
| #define HAVE__BOOL 1
| #define HAVE_STDBOOL_H 1
| #define TIME_WITH_SYS_TIME 1
| #define HAVE_STDLIB_H 1
| #define HAVE_MALLOC 1
| #define HAVE_SYS_SELECT_H 1
| #define HAVE_SYS_SOCKET_H 1
| #define SELECT_TYPE_ARG1 int
| #define SELECT_TYPE_ARG234 (fd_set *)
| #define SELECT_TYPE_ARG5 (struct timeval *)
| #define HAVE_DECL_STRERROR_R 1
| #define HAVE_STRERROR_R 1
| /* end confdefs.h.  */
| #include <stdio.h>
| #ifdef HAVE_SYS_TYPES_H
| # include <sys/types.h>
| #endif
| #ifdef HAVE_SYS_STAT_H
| # include <sys/stat.h>
| #endif
| #ifdef STDC_HEADERS
| # include <stdlib.h>
| # include <stddef.h>
| #else
| # ifdef HAVE_STDLIB_H
| #  include <stdlib.h>
| # endif
| #endif
| #ifdef HAVE_STRING_H
| # if !defined STDC_HEADERS && defined HAVE_MEMORY_H
| #  include <memory.h>
| # endif
| # include <string.h>
| #endif
| #ifdef HAVE_STRINGS_H
| # include <strings.h>
| #endif
| #ifdef HAVE_INTTYPES_H
| # include <inttypes.h>
| #endif
| #ifdef HAVE_STDINT_H
| # include <stdint.h>
| #endif
| #ifdef HAVE_UNISTD_H
| # include <unistd.h>
| #endif
| int
| main ()
| {
| 
| 	  char buf[100];
| 	  char x = *strerror_r (0, buf, sizeof buf);
| 	  char *p = strerror_r (0, buf, sizeof buf);
| 	  return !p || x;
| 
|   ;
|   return 0;
| }
configure:16538: result: no
configure:16548: checking for vprintf
configure:16548: gcc -o conftest -g -O2   conftest.c  -L/usr/lib/x86_64-linux-gnu -lSDL -lm >&5
conftest.c:71:6: warning: conflicting types for built-in function 'vprintf'
 char vprintf ();
      ^
configure:16548: $? = 0
configure:16548: result: yes
configure:16554: checking for _doprnt
configure:16554: gcc -o conftest -g -O2   conftest.c  -L/usr/lib/x86_64-linux-gnu -lSDL -lm >&5
/tmp/cc0gC3R7.o: In function `main':
/home/tfuhrman/dev/utcoupe/coupe17/libs/urg-0.8.18/conftest.c:83: undefined reference to `_doprnt'
collect2: error: ld returned 1 exit status
configure:16554: $? = 1
configure: failed program was:
| /* confdefs.h */
| #define PACKAGE_NAME "urg"
| #define PACKAGE_TARNAME "urg"
| #define PACKAGE_VERSION "0.8.18"
| #define PACKAGE_STRING "urg 0.8.18"
| #define PACKAGE_BUGREPORT "satofumi@users.sourceforge.jp"
| #define PACKAGE_URL ""
| #define PACKAGE "urg"
| #define VERSION "0.8.18"
| #define MAJOR_VERSION "0"
| #define MINOR_VERSION "8"
| #define MICRO_VERSION "18"
| #define STDC_HEADERS 1
| #define HAVE_SYS_TYPES_H 1
| #define HAVE_SYS_STAT_H 1
| #define HAVE_STDLIB_H 1
| #define HAVE_STRING_H 1
| #define HAVE_MEMORY_H 1
| #define HAVE_STRINGS_H 1
| #define HAVE_INTTYPES_H 1
| #define HAVE_STDINT_H 1
| #define HAVE_UNISTD_H 1
| #define HAVE_DLFCN_H 1
| #define LT_OBJDIR ".libs/"
| #define HAVE_LIBSDL 1
| #define HAVE_DIRENT_H 1
| #define STDC_HEADERS 1
| #define HAVE_FCNTL_H 1
| #define HAVE_STDDEF_H 1
| #define HAVE_STDLIB_H 1
| #define HAVE_STRING_H 1
| #define HAVE_SYS_TIME_H 1
| #define HAVE_TERMIOS_H 1
| #define HAVE_UNISTD_H 1
| #define HAVE__BOOL 1
| #define HAVE_STDBOOL_H 1
| #define TIME_WITH_SYS_TIME 1
| #define HAVE_STDLIB_H 1
| #define HAVE_MALLOC 1
| #define HAVE_SYS_SELECT_H 1
| #define HAVE_SYS_SOCKET_H 1
| #define SELECT_TYPE_ARG1 int
| #define SELECT_TYPE_ARG234 (fd_set *)
| #define SELECT_TYPE_ARG5 (struct timeval *)
| #define HAVE_DECL_STRERROR_R 1
| #define HAVE_STRERROR_R 1
| #define HAVE_VPRINTF 1
| /* end confdefs.h.  */
| /* Define _doprnt to an innocuous variant, in case <limits.h> declares _doprnt.
|    For example, HP-UX 11i <limits.h> declares gettimeofday.  */
| #define _doprnt innocuous__doprnt
| 
| /* System header to define __stub macros and hopefully few prototypes,
|     which can conflict with char _doprnt (); below.
|     Prefer <limits.h> to <assert.h> if __STDC__ is defined, since
|     <limits.h> exists even on freestanding compilers.  */
| 
| #ifdef __STDC__
| # include <limits.h>
| #else
| # include <assert.h>
| #endif
| 
| #undef _doprnt
| 
| /* Override any GCC internal prototype to avoid an error.
|    Use char because int might match the return type of a GCC
|    builtin and then its argument prototype would still apply.  */
| #ifdef __cplusplus
| extern "C"
| #endif
| char _doprnt ();
| /* The GNU C library defines this for functions which it implements
|     to always fail with ENOSYS.  Some functions are actually named
|     something starting with __ and the normal name is an alias.  */
| #if defined __stub__doprnt || defined __stub____doprnt
| choke me
| #endif
| 
| int
| main ()
| {
| return _doprnt ();
|   ;
|   return 0;
| }
configure:16554: result: no
configure:16565: checking whether lstat correctly handles trailing slash
configure:16591: gcc -o conftest -g -O2   conftest.c  -L/usr/lib/x86_64-linux-gnu -lSDL -lm >&5
configure:16591: $? = 0
configure:16591: ./conftest
configure:16591: $? = 0
configure:16608: result: yes
configure:16627: checking whether stat accepts an empty string
configure:16647: gcc -o conftest -g -O2   conftest.c  -L/usr/lib/x86_64-linux-gnu -lSDL -lm >&5
configure:16647: $? = 0
configure:16647: ./conftest
configure:16647: $? = 0
configure:16657: result: no
configure:16676: checking for atexit
configure:16676: gcc -o conftest -g -O2   conftest.c  -L/usr/lib/x86_64-linux-gnu -lSDL -lm >&5
configure:16676: $? = 0
configure:16676: result: yes
configure:16676: checking for floor
configure:16676: gcc -o conftest -g -O2   conftest.c  -L/usr/lib/x86_64-linux-gnu -lSDL -lm >&5
conftest.c:74:6: warning: conflicting types for built-in function 'floor'
 char floor ();
      ^
configure:16676: $? = 0
configure:16676: result: yes
configure:16676: checking for gettimeofday
configure:16676: gcc -o conftest -g -O2   conftest.c  -L/usr/lib/x86_64-linux-gnu -lSDL -lm >&5
configure:16676: $? = 0
configure:16676: result: yes
configure:16676: checking for memmove
configure:16676: gcc -o conftest -g -O2   conftest.c  -L/usr/lib/x86_64-linux-gnu -lSDL -lm >&5
conftest.c:76:6: warning: conflicting types for built-in function 'memmove'
 char memmove ();
      ^
configure:16676: $? = 0
configure:16676: result: yes
configure:16676: checking for select
configure:16676: gcc -o conftest -g -O2   conftest.c  -L/usr/lib/x86_64-linux-gnu -lSDL -lm >&5
configure:16676: $? = 0
configure:16676: result: yes
configure:16676: checking for strerror
configure:16676: gcc -o conftest -g -O2   conftest.c  -L/usr/lib/x86_64-linux-gnu -lSDL -lm >&5
configure:16676: $? = 0
configure:16676: result: yes
configure:16676: checking for strrchr
configure:16676: gcc -o conftest -g -O2   conftest.c  -L/usr/lib/x86_64-linux-gnu -lSDL -lm >&5
conftest.c:79:6: warning: conflicting types for built-in function 'strrchr'
 char strrchr ();
      ^
configure:16676: $? = 0
configure:16676: result: yes
configure:16676: checking for strtol
configure:16676: gcc -o conftest -g -O2   conftest.c  -L/usr/lib/x86_64-linux-gnu -lSDL -lm >&5
configure:16676: $? = 0
configure:16676: result: yes
configure:16676: checking for strstr
configure:16676: gcc -o conftest -g -O2   conftest.c  -L/usr/lib/x86_64-linux-gnu -lSDL -lm >&5
conftest.c:81:6: warning: conflicting types for built-in function 'strstr'
 char strstr ();
      ^
configure:16676: $? = 0
configure:16676: result: yes
configure:16830: creating ./config.status

## ---------------------- ##
## Running config.status. ##
## ---------------------- ##

This file was extended by urg config.status 0.8.18, which was
generated by GNU Autoconf 2.69.  Invocation command line was

  CONFIG_FILES    = 
  CONFIG_HEADERS  = 
  CONFIG_LINKS    = 
  CONFIG_COMMANDS = 
  $ ./config.status 

on tfuhrman-HP-ZBook-14

config.status:1213: creating Makefile
config.status:1213: creating include/Makefile
config.status:1213: creating include/c/Makefile
config.status:1213: creating include/cpp/Makefile
config.status:1213: creating src/Makefile
config.status:1213: creating src/c/Makefile
config.status:1213: creating src/c/system/Makefile
config.status:1213: creating src/c/connection/Makefile
config.status:1213: creating src/c/urg/Makefile
config.status:1213: creating src/cpp/Makefile
config.status:1213: creating src/cpp/system/Makefile
config.status:1213: creating src/cpp/common/Makefile
config.status:1213: creating src/cpp/connection/Makefile
config.status:1213: creating src/cpp/connection/sdl/Makefile
config.status:1213: creating src/cpp/coordinate/Makefile
config.status:1213: creating src/cpp/geometry/Makefile
config.status:1213: creating src/cpp/urg/Makefile
config.status:1213: creating src/cpp/monitor/Makefile
config.status:1213: creating samples/Makefile
config.status:1213: creating samples/c/Makefile
config.status:1213: creating samples/cpp/Makefile
config.status:1213: creating samples/scip_samples/Makefile
config.status:1213: creating samples/cpp_ethernet/Makefile
config.status:1213: creating urg-config
config.status:1213: creating c_urg-config
config.status:1213: creating config.h
config.status:1394: config.h is unchanged
config.status:1442: executing depfiles commands
config.status:1442: executing libtool commands
config.status:1442: executing default commands

## ---------------- ##
## Cache variables. ##
## ---------------- ##

ac_cv_build=x86_64-unknown-linux-gnu
ac_cv_c_compiler_gnu=yes
ac_cv_c_const=yes
ac_cv_cxx_compiler_gnu=yes
ac_cv_env_CCC_set=
ac_cv_env_CCC_value=
ac_cv_env_CC_set=
ac_cv_env_CC_value=
ac_cv_env_CFLAGS_set=
ac_cv_env_CFLAGS_value=
ac_cv_env_CPPFLAGS_set=
ac_cv_env_CPPFLAGS_value=
ac_cv_env_CPP_set=
ac_cv_env_CPP_value=
ac_cv_env_CXXCPP_set=
ac_cv_env_CXXCPP_value=
ac_cv_env_CXXFLAGS_set=
ac_cv_env_CXXFLAGS_value=
ac_cv_env_CXX_set=
ac_cv_env_CXX_value=
ac_cv_env_LDFLAGS_set=
ac_cv_env_LDFLAGS_value=
ac_cv_env_LIBS_set=
ac_cv_env_LIBS_value=
ac_cv_env_build_alias_set=
ac_cv_env_build_alias_value=
ac_cv_env_host_alias_set=
ac_cv_env_host_alias_value=
ac_cv_env_target_alias_set=
ac_cv_env_target_alias_value=
ac_cv_func__doprnt=no
ac_cv_func_atexit=yes
ac_cv_func_closedir_void=no
ac_cv_func_floor=yes
ac_cv_func_gettimeofday=yes
ac_cv_func_lstat_dereferences_slashed_symlink=yes
ac_cv_func_malloc_0_nonnull=yes
ac_cv_func_memmove=yes
ac_cv_func_select=yes
ac_cv_func_select_args='int,fd_set *,struct timeval *'
ac_cv_func_stat_empty_string_bug=no
ac_cv_func_strerror=yes
ac_cv_func_strerror_r=yes
ac_cv_func_strerror_r_char_p=no
ac_cv_func_strrchr=yes
ac_cv_func_strstr=yes
ac_cv_func_strtol=yes
ac_cv_func_vprintf=yes
ac_cv_have_decl_strerror_r=yes
ac_cv_header_dirent_dirent_h=yes
ac_cv_header_dlfcn_h=yes
ac_cv_header_fcntl_h=yes
ac_cv_header_inttypes_h=yes
ac_cv_header_memory_h=yes
ac_cv_header_stdbool_h=yes
ac_cv_header_stdc=yes
ac_cv_header_stddef_h=yes
ac_cv_header_stdint_h=yes
ac_cv_header_stdlib_h=yes
ac_cv_header_string_h=yes
ac_cv_header_strings_h=yes
ac_cv_header_sys_select_h=yes
ac_cv_header_sys_socket_h=yes
ac_cv_header_sys_stat_h=yes
ac_cv_header_sys_time_h=yes
ac_cv_header_sys_types_h=yes
ac_cv_header_termios_h=yes
ac_cv_header_time=yes
ac_cv_header_unistd_h=yes
ac_cv_host=x86_64-unknown-linux-gnu
ac_cv_lib_SDL_net_SDLNet_Init=no
ac_cv_lib_m_cos=yes
ac_cv_objext=o
ac_cv_path_EGREP='/bin/grep -E'
ac_cv_path_FGREP='/bin/grep -F'
ac_cv_path_GREP=/bin/grep
ac_cv_path_SDL_CONFIG=/usr/bin/sdl-config
ac_cv_path_SED=/bin/sed
ac_cv_path_install='/usr/bin/install -c'
ac_cv_path_mkdir=/bin/mkdir
ac_cv_prog_AWK=gawk
ac_cv_prog_CPP='gcc -E'
ac_cv_prog_CXXCPP='g++ -E'
ac_cv_prog_ac_ct_AR=ar
ac_cv_prog_ac_ct_CC=gcc
ac_cv_prog_ac_ct_CXX=g++
ac_cv_prog_ac_ct_MANIFEST_TOOL=mt
ac_cv_prog_ac_ct_OBJDUMP=objdump
ac_cv_prog_ac_ct_RANLIB=ranlib
ac_cv_prog_ac_ct_STRIP=strip
ac_cv_prog_cc_c89=
ac_cv_prog_cc_g=yes
ac_cv_prog_cxx_g=yes
ac_cv_prog_make_make_set=yes
ac_cv_search_opendir='none required'
ac_cv_type__Bool=yes
ac_cv_type_size_t=yes
am_cv_CC_dependencies_compiler_type=gcc3
am_cv_CXX_dependencies_compiler_type=gcc3
lt_cv_ar_at_file=@
lt_cv_archive_cmds_need_lc=no
lt_cv_deplibs_check_method=pass_all
lt_cv_file_magic_cmd='$MAGIC_CMD'
lt_cv_file_magic_test_file=
lt_cv_ld_reload_flag=-r
lt_cv_nm_interface='BSD nm'
lt_cv_objdir=.libs
lt_cv_path_LD=/usr/bin/ld
lt_cv_path_LDCXX='/usr/bin/ld -m elf_x86_64'
lt_cv_path_NM='/usr/bin/nm -B'
lt_cv_path_mainfest_tool=no
lt_cv_prog_compiler_c_o=yes
lt_cv_prog_compiler_c_o_CXX=yes
lt_cv_prog_compiler_pic='-fPIC -DPIC'
lt_cv_prog_compiler_pic_CXX='-fPIC -DPIC'
lt_cv_prog_compiler_pic_works=yes
lt_cv_prog_compiler_pic_works_CXX=yes
lt_cv_prog_compiler_rtti_exceptions=no
lt_cv_prog_compiler_static_works=yes
lt_cv_prog_compiler_static_works_CXX=yes
lt_cv_prog_gnu_ld=yes
lt_cv_prog_gnu_ldcxx=yes
lt_cv_sharedlib_from_linklib_cmd='printf %s\n'
lt_cv_shlibpath_overrides_runpath=no
lt_cv_sys_global_symbol_pipe='sed -n -e '\''s/^.*[	 ]\([ABCDGIRSTW][ABCDGIRSTW]*\)[	 ][	 ]*\([_A-Za-z][_A-Za-z0-9]*\)$/\1 \2 \2/p'\'' | sed '\''/ __gnu_lto/d'\'''
lt_cv_sys_global_symbol_to_c_name_address='sed -n -e '\''s/^: \([^ ]*\)[ ]*$/  {\"\1\", (void *) 0},/p'\'' -e '\''s/^[ABCDGIRSTW]* \([^ ]*\) \([^ ]*\)$/  {"\2", (void *) \&\2},/p'\'''
lt_cv_sys_global_symbol_to_c_name_address_lib_prefix='sed -n -e '\''s/^: \([^ ]*\)[ ]*$/  {\"\1\", (void *) 0},/p'\'' -e '\''s/^[ABCDGIRSTW]* \([^ ]*\) \(lib[^ ]*\)$/  {"\2", (void *) \&\2},/p'\'' -e '\''s/^[ABCDGIRSTW]* \([^ ]*\) \([^ ]*\)$/  {"lib\2", (void *) \&\2},/p'\'''
lt_cv_sys_global_symbol_to_cdecl='sed -n -e '\''s/^T .* \(.*\)$/extern int \1();/p'\'' -e '\''s/^[ABCDGIRSTW]* .* \(.*\)$/extern char \1;/p'\'''
lt_cv_sys_max_cmd_len=1572864
lt_cv_to_host_file_cmd=func_convert_file_noop
lt_cv_to_tool_file_cmd=func_convert_file_noop

## ----------------- ##
## Output variables. ##
## ----------------- ##

ACLOCAL='${SHELL} /home/tfuhrman/dev/utcoupe/coupe17/libs/urg-0.8.18/missing --run aclocal-1.11'
AMDEPBACKSLASH='\'
AMDEP_FALSE='#'
AMDEP_TRUE=''
AMTAR='$${TAR-tar}'
AR='ar'
AUTOCONF='${SHELL} /home/tfuhrman/dev/utcoupe/coupe17/libs/urg-0.8.18/missing --run autoconf'
AUTOHEADER='${SHELL} /home/tfuhrman/dev/utcoupe/coupe17/libs/urg-0.8.18/missing --run autoheader'
AUTOMAKE='${SHELL} /home/tfuhrman/dev/utcoupe/coupe17/libs/urg-0.8.18/missing --run automake-1.11'
AWK='gawk'
CC='gcc'
CCDEPMODE='depmode=gcc3'
CFLAGS='-g -O2'
CPP='gcc -E'
CPPFLAGS=''
CPP_COMPILE_COND_FALSE=''
CPP_COMPILE_COND_TRUE='#'
CPP_INCLUDES='-I${top_srcdir}/include/cpp  -I${top_srcdir}/src/cpp/system -I${top_srcdir}/src/cpp/common -I${top_srcdir}/src/cpp/connection -I${top_srcdir}/src/cpp/geometry -I${top_srcdir}/src/cpp/coordinate -I${top_srcdir}/src/cpp/urg -I${top_srcdir}/src/cpp/connection/sdl -I${top_srcdir}/src/cpp/monitor'
CXX='g++'
CXXCPP='g++ -E'
CXXDEPMODE='depmode=gcc3'
CXXFLAGS='-g -O2 -I/usr/include/SDL -D_GNU_SOURCE=1 -D_REENTRANT'
CYGPATH_W='echo'
C_INCLUDES='-I${top_srcdir}/src/c/system -I${top_srcdir}/src/c/connection -I${top_srcdir}/src/c/urg'
C_INSTALL_LIBS='-lc_urg -lc_urg_connection -lc_urg_system -lm'
DEFS='-DHAVE_CONFIG_H'
DEPDIR='.deps'
DLLTOOL='false'
DSYMUTIL=''
DUMPBIN=''
ECHO_C=''
ECHO_N='-n'
ECHO_T=''
EGREP='/bin/grep -E'
EXEEXT=''
FGREP='/bin/grep -F'
GREP='/bin/grep'
INSTALL_DATA='${INSTALL} -m 644'
INSTALL_LIBS='-lurg_monitor -lurg -lurg_coordinate -lurg_geometry -lurg_connection -lurg_connection_sdl -lurg_common -lurg_system -lm'
INSTALL_PROGRAM='${INSTALL}'
INSTALL_SCRIPT='${INSTALL}'
INSTALL_STRIP_PROGRAM='$(install_sh) -c -s'
LD='/usr/bin/ld -m elf_x86_64'
LDFLAGS=''
LIBOBJS=''
LIBS=' -L/usr/lib/x86_64-linux-gnu -lSDL -lm'
LIBTOOL='$(SHELL) $(top_builddir)/libtool'
LIPO=''
LN_S='ln -s'
LTLIBOBJS=''
MAKEINFO='${SHELL} /home/tfuhrman/dev/utcoupe/coupe17/libs/urg-0.8.18/missing --run makeinfo'
MANIFEST_TOOL=':'
MKDIR_P='/bin/mkdir -p'
NM='/usr/bin/nm -B'
NMEDIT=''
OBJDUMP='objdump'
OBJEXT='o'
OTOOL64=''
OTOOL=''
PACKAGE='urg'
PACKAGE_BUGREPORT='satofumi@users.sourceforge.jp'
PACKAGE_NAME='urg'
PACKAGE_STRING='urg 0.8.18'
PACKAGE_TARNAME='urg'
PACKAGE_URL=''
PACKAGE_VERSION='0.8.18'
PATH_SEPARATOR=':'
RANLIB='ranlib'
SAMPLES_LIBS_PATH='-L${top_builddir}/src/c/urg -L${top_builddir}/src/c/connection -L${top_builddir}/src/c/system -L${top_builddir}/src/cpp/urg -L${top_builddir}/src/cpp/connection -L${top_builddir}/src/cpp/common -L${top_builddir}/src/cpp/system -L${top_builddir}/src/cpp/monitor -L${top_builddir}/src/cpp/coordinate -L${top_builddir}/src/cpp/geometry -L${top_builddir}/src/cpp/connection/sdl'
SDL_CFLAGS='-I/usr/include/SDL -D_GNU_SOURCE=1 -D_REENTRANT'
SDL_CONFIG='/usr/bin/sdl-config'
SDL_LIBS='-L/usr/lib/x86_64-linux-gnu -lSDL'
SED='/bin/sed'
SET_MAKE=''
SHELL='/bin/sh'
STRIP='strip'
VERSION='0.8.18'
ac_ct_AR='ar'
ac_ct_CC='gcc'
ac_ct_CXX='g++'
ac_ct_DUMPBIN=''
am__EXEEXT_FALSE=''
am__EXEEXT_TRUE='#'
am__fastdepCC_FALSE='#'
am__fastdepCC_TRUE=''
am__fastdepCXX_FALSE='#'
am__fastdepCXX_TRUE=''
am__include='include'
am__isrc=''
am__leading_dot='.'
am__nodep='_no'
am__quote=''
am__tar='$${TAR-tar} chof - "$$tardir"'
am__untar='$${TAR-tar} xf -'
bindir='${exec_prefix}/bin'
build='x86_64-unknown-linux-gnu'
build_alias=''
build_cpu='x86_64'
build_os='linux-gnu'
build_vendor='unknown'
datadir='${datarootdir}'
datarootdir='${prefix}/share'
docdir='${datarootdir}/doc/${PACKAGE_TARNAME}'
dvidir='${docdir}'
exec_prefix='${prefix}'
host='x86_64-unknown-linux-gnu'
host_alias=''
host_cpu='x86_64'
host_os='linux-gnu'
host_vendor='unknown'
htmldir='${docdir}'
includedir='${prefix}/include'
infodir='${datarootdir}/info'
install_sh='${SHELL} /home/tfuhrman/dev/utcoupe/coupe17/libs/urg-0.8.18/install-sh'
libdir='${exec_prefix}/lib'
libexecdir='${exec_prefix}/libexec'
localedir='${datarootdir}/locale'
localstatedir='${prefix}/var'
mandir='${datarootdir}/man'
mkdir_p='/bin/mkdir -p'
oldincludedir='/usr/include'
pdfdir='${docdir}'
prefix='/usr/local'
program_transform_name='s,x,x,'
psdir='${docdir}'
sbindir='${exec_prefix}/sbin'
sharedstatedir='${prefix}/com'
sysconfdir='${prefix}/etc'
target_alias=''

## ----------- ##
## confdefs.h. ##
## ----------- ##

/* confdefs.h */
#define PACKAGE_NAME "urg"
#define PACKAGE_TARNAME "urg"
#define PACKAGE_VERSION "0.8.18"
#define PACKAGE_STRING "urg 0.8.18"
#define PACKAGE_BUGREPORT "satofumi@users.sourceforge.jp"
#define PACKAGE_URL ""
#define PACKAGE "urg"
#define VERSION "0.8.18"
#define MAJOR_VERSION "0"
#define MINOR_VERSION "8"
#define MICRO_VERSION "18"
#define STDC_HEADERS 1
#define HAVE_SYS_TYPES_H 1
#define HAVE_SYS_STAT_H 1
#define HAVE_STDLIB_H 1
#define HAVE_STRING_H 1
#define HAVE_MEMORY_H 1
#define HAVE_STRINGS_H 1
#define HAVE_INTTYPES_H 1
#define HAVE_STDINT_H 1
#define HAVE_UNISTD_H 1
#define HAVE_DLFCN_H 1
#define LT_OBJDIR ".libs/"
#define HAVE_LIBSDL 1
#define HAVE_DIRENT_H 1
#define STDC_HEADERS 1
#define HAVE_FCNTL_H 1
#define HAVE_STDDEF_H 1
#define HAVE_STDLIB_H 1
#define HAVE_STRING_H 1
#define HAVE_SYS_TIME_H 1
#define HAVE_TERMIOS_H 1
#define HAVE_UNISTD_H 1
#define HAVE__BOOL 1
#define HAVE_STDBOOL_H 1
#define TIME_WITH_SYS_TIME 1
#define HAVE_STDLIB_H 1
#define HAVE_MALLOC 1
#define HAVE_SYS_SELECT_H 1
#define HAVE_SYS_SOCKET_H 1
#define SELECT_TYPE_ARG1 int
#define SELECT_TYPE_ARG234 (fd_set *)
#define SELECT_TYPE_ARG5 (struct timeval *)
#define HAVE_DECL_STRERROR_R 1
#define HAVE_STRERROR_R 1
#define HAVE_VPRINTF 1
#define LSTAT_FOLLOWS_SLASHED_SYMLINK 1
#define HAVE_ATEXIT 1
#define HAVE_FLOOR 1
#define HAVE_GETTIMEOFDAY 1
#define HAVE_MEMMOVE 1
#define HAVE_SELECT 1
#define HAVE_STRERROR 1
#define HAVE_STRRCHR 1
#define HAVE_STRTOL 1
#define HAVE_STRSTR 1

configure: exit 0
